<?xml version="1.0" encoding="UTF-8"?>
<testng-results skipped="0" failed="1" ignored="0" total="4" passed="3">
  <reporter-output>
  </reporter-output>
  <suite name="Suite" duration-ms="117" started-at="2017-02-24T01:04:03Z" finished-at="2017-02-24T01:04:03Z">
    <groups>
      <group name="grop1">
        <method signature="validationAnnotations.Login()[pri:2, instance:com.BootCampDT.Globan.validationAnnotations@3b07a0d6]" name="Login" class="com.BootCampDT.Globan.validationAnnotations"/>
      </group> <!-- grop1 -->
      <group name="grop2">
        <method signature="validationAnnotations.Search()[pri:1, instance:com.BootCampDT.Globan.validationAnnotations@3b07a0d6]" name="Search" class="com.BootCampDT.Globan.validationAnnotations"/>
        <method signature="validationAnnotations.openbrowser()[pri:1, instance:com.BootCampDT.Globan.validationAnnotations@3b07a0d6]" name="openbrowser" class="com.BootCampDT.Globan.validationAnnotations"/>
        <method signature="validationAnnotations.singup()[pri:1, instance:com.BootCampDT.Globan.validationAnnotations@3b07a0d6]" name="singup" class="com.BootCampDT.Globan.validationAnnotations"/>
      </group> <!-- grop2 -->
    </groups>
    <test name="Test" duration-ms="117" started-at="2017-02-24T01:04:03Z" finished-at="2017-02-24T01:04:03Z">
      <class name="com.BootCampDT.Globan.validationAnnotations">
        <test-method status="PASS" signature="beforeSuite()[pri:0, instance:com.BootCampDT.Globan.validationAnnotations@3b07a0d6]" name="beforeSuite" is-config="true" duration-ms="19" started-at="2017-02-23T20:04:03Z" finished-at="2017-02-23T20:04:03Z">
          <reporter-output>
          </reporter-output>
        </test-method> <!-- beforeSuite -->
        <test-method status="PASS" signature="beforeTest()[pri:0, instance:com.BootCampDT.Globan.validationAnnotations@3b07a0d6]" name="beforeTest" is-config="true" duration-ms="0" started-at="2017-02-23T20:04:03Z" finished-at="2017-02-23T20:04:03Z">
          <reporter-output>
          </reporter-output>
        </test-method> <!-- beforeTest -->
        <test-method status="PASS" signature="beforeMethod()[pri:0, instance:com.BootCampDT.Globan.validationAnnotations@3b07a0d6]" name="beforeMethod" is-config="true" duration-ms="1" started-at="2017-02-23T20:04:03Z" finished-at="2017-02-23T20:04:03Z">
          <reporter-output>
          </reporter-output>
        </test-method> <!-- beforeMethod -->
        <test-method status="PASS" signature="Search()[pri:1, instance:com.BootCampDT.Globan.validationAnnotations@3b07a0d6]" name="Search" duration-ms="11" started-at="2017-02-23T20:04:03Z" finished-at="2017-02-23T20:04:03Z">
          <reporter-output>
          </reporter-output>
        </test-method> <!-- Search -->
        <test-method status="PASS" signature="afterMethod()[pri:0, instance:com.BootCampDT.Globan.validationAnnotations@3b07a0d6]" name="afterMethod" is-config="true" duration-ms="3" started-at="2017-02-23T20:04:03Z" finished-at="2017-02-23T20:04:03Z">
          <reporter-output>
          </reporter-output>
        </test-method> <!-- afterMethod -->
        <test-method status="PASS" signature="beforeMethod()[pri:0, instance:com.BootCampDT.Globan.validationAnnotations@3b07a0d6]" name="beforeMethod" is-config="true" duration-ms="0" started-at="2017-02-23T20:04:03Z" finished-at="2017-02-23T20:04:03Z">
          <reporter-output>
          </reporter-output>
        </test-method> <!-- beforeMethod -->
        <test-method status="FAIL" signature="openbrowser()[pri:1, instance:com.BootCampDT.Globan.validationAnnotations@3b07a0d6]" name="openbrowser" duration-ms="12" started-at="2017-02-23T20:04:03Z" description="this open the browser" finished-at="2017-02-23T20:04:03Z">
          <exception class="java.lang.AssertionError">
            <message>
              <![CDATA[expected [bb] but found [a]]]>
            </message>
            <full-stacktrace>
              <![CDATA[java.lang.AssertionError: expected [bb] but found [a]
	at org.testng.Assert.fail(Assert.java:94)
	at org.testng.Assert.failNotEquals(Assert.java:513)
	at org.testng.Assert.assertEqualsImpl(Assert.java:135)
	at org.testng.Assert.assertEquals(Assert.java:116)
	at org.testng.Assert.assertEquals(Assert.java:190)
	at org.testng.Assert.assertEquals(Assert.java:200)
	at com.BootCampDT.Globan.validationAnnotations.openbrowser(validationAnnotations.java:30)
	at sun.reflect.NativeMethodAccessorImpl.invoke0(Native Method)
	at sun.reflect.NativeMethodAccessorImpl.invoke(Unknown Source)
	at sun.reflect.DelegatingMethodAccessorImpl.invoke(Unknown Source)
	at java.lang.reflect.Method.invoke(Unknown Source)
	at org.testng.internal.MethodInvocationHelper.invokeMethod(MethodInvocationHelper.java:104)
	at org.testng.internal.Invoker.invokeMethod(Invoker.java:645)
	at org.testng.internal.Invoker.invokeTestMethod(Invoker.java:851)
	at org.testng.internal.Invoker.invokeTestMethods(Invoker.java:1177)
	at org.testng.internal.TestMethodWorker.invokeTestMethods(TestMethodWorker.java:129)
	at org.testng.internal.TestMethodWorker.run(TestMethodWorker.java:112)
	at org.testng.TestRunner.privateRun(TestRunner.java:756)
	at org.testng.TestRunner.run(TestRunner.java:610)
	at org.testng.SuiteRunner.runTest(SuiteRunner.java:387)
	at org.testng.SuiteRunner.runSequentially(SuiteRunner.java:382)
	at org.testng.SuiteRunner.privateRun(SuiteRunner.java:340)
	at org.testng.SuiteRunner.run(SuiteRunner.java:289)
	at org.testng.SuiteRunnerWorker.runSuite(SuiteRunnerWorker.java:52)
	at org.testng.SuiteRunnerWorker.run(SuiteRunnerWorker.java:86)
	at org.testng.TestNG.runSuitesSequentially(TestNG.java:1293)
	at org.testng.TestNG.runSuitesLocally(TestNG.java:1218)
	at org.testng.TestNG.runSuites(TestNG.java:1133)
	at org.testng.TestNG.run(TestNG.java:1104)
	at org.testng.remote.AbstractRemoteTestNG.run(AbstractRemoteTestNG.java:132)
	at org.testng.remote.RemoteTestNG.initAndRun(RemoteTestNG.java:236)
	at org.testng.remote.RemoteTestNG.main(RemoteTestNG.java:81)
]]>
            </full-stacktrace>
          </exception> <!-- java.lang.AssertionError -->
          <reporter-output>
          </reporter-output>
        </test-method> <!-- openbrowser -->
        <test-method status="PASS" signature="afterMethod()[pri:0, instance:com.BootCampDT.Globan.validationAnnotations@3b07a0d6]" name="afterMethod" is-config="true" duration-ms="1" started-at="2017-02-23T20:04:03Z" finished-at="2017-02-23T20:04:03Z">
          <reporter-output>
          </reporter-output>
        </test-method> <!-- afterMethod -->
        <test-method status="PASS" signature="beforeMethod()[pri:0, instance:com.BootCampDT.Globan.validationAnnotations@3b07a0d6]" name="beforeMethod" is-config="true" duration-ms="1" started-at="2017-02-23T20:04:03Z" finished-at="2017-02-23T20:04:03Z">
          <reporter-output>
          </reporter-output>
        </test-method> <!-- beforeMethod -->
        <test-method status="PASS" signature="singup()[pri:1, instance:com.BootCampDT.Globan.validationAnnotations@3b07a0d6]" name="singup" duration-ms="2" started-at="2017-02-23T20:04:03Z" finished-at="2017-02-23T20:04:03Z">
          <reporter-output>
          </reporter-output>
        </test-method> <!-- singup -->
        <test-method status="PASS" signature="afterMethod()[pri:0, instance:com.BootCampDT.Globan.validationAnnotations@3b07a0d6]" name="afterMethod" is-config="true" duration-ms="1" started-at="2017-02-23T20:04:03Z" finished-at="2017-02-23T20:04:03Z">
          <reporter-output>
          </reporter-output>
        </test-method> <!-- afterMethod -->
        <test-method status="PASS" signature="Login()[pri:2, instance:com.BootCampDT.Globan.validationAnnotations@3b07a0d6]" name="Login" duration-ms="3" started-at="2017-02-23T20:04:03Z" finished-at="2017-02-23T20:04:03Z">
          <reporter-output>
          </reporter-output>
        </test-method> <!-- Login -->
        <test-method status="PASS" signature="beforeMethod()[pri:0, instance:com.BootCampDT.Globan.validationAnnotations@3b07a0d6]" name="beforeMethod" is-config="true" duration-ms="0" started-at="2017-02-23T20:04:03Z" finished-at="2017-02-23T20:04:03Z">
          <reporter-output>
          </reporter-output>
        </test-method> <!-- beforeMethod -->
        <test-method status="PASS" signature="afterMethod()[pri:0, instance:com.BootCampDT.Globan.validationAnnotations@3b07a0d6]" name="afterMethod" is-config="true" duration-ms="0" started-at="2017-02-23T20:04:03Z" finished-at="2017-02-23T20:04:03Z">
          <reporter-output>
          </reporter-output>
        </test-method> <!-- afterMethod -->
        <test-method status="PASS" signature="afterTest()[pri:0, instance:com.BootCampDT.Globan.validationAnnotations@3b07a0d6]" name="afterTest" is-config="true" duration-ms="0" started-at="2017-02-23T20:04:03Z" finished-at="2017-02-23T20:04:03Z">
          <reporter-output>
          </reporter-output>
        </test-method> <!-- afterTest -->
        <test-method status="PASS" signature="afterSuite()[pri:0, instance:com.BootCampDT.Globan.validationAnnotations@3b07a0d6]" name="afterSuite" is-config="true" duration-ms="0" started-at="2017-02-23T20:04:03Z" finished-at="2017-02-23T20:04:03Z">
          <reporter-output>
          </reporter-output>
        </test-method> <!-- afterSuite -->
      </class> <!-- com.BootCampDT.Globan.validationAnnotations -->
    </test> <!-- Test -->
  </suite> <!-- Suite -->
</testng-results>
