<?xml version="1.0" encoding="UTF-8"?>
<!-- Generated by org.testng.reporters.JUnitXMLReporter -->
<testsuite hostname="Daniel-PTL" ignored="0" name="Test" tests="4" failures="1" timestamp="24 feb 2017 01:04:03 GMT" time="0.117" errors="0">
  <testcase name="Search" time="0.011" classname="com.BootCampDT.Globan.validationAnnotations"/>
  <testcase name="openbrowser" time="0.012" classname="com.BootCampDT.Globan.validationAnnotations">
    <failure type="java.lang.AssertionError" message="expected [bb] but found [a]">
      <![CDATA[java.lang.AssertionError: expected [bb] but found [a]
	at com.BootCampDT.Globan.validationAnnotations.openbrowser(validationAnnotations.java:30)
... Removed 31 stack frames]]>
    </failure>
  </testcase> <!-- openbrowser -->
  <testcase name="singup" time="0.002" classname="com.BootCampDT.Globan.validationAnnotations"/>
  <testcase name="Login" time="0.003" classname="com.BootCampDT.Globan.validationAnnotations"/>
</testsuite> <!-- Test -->
